[CommunicationLog]
R [0662E42A] : 00000000000000000000000000000000000000000000000000000000000007F8400010F14D90000000000
S [0662E3EB] : (40)
R [0662AF10] : U
S [0662A77F] : 0B
R [0662A77F] : 0
S [0662A731] : (0B)
R [0662A6D3] : 0
S [0662A6A4] : (07)
R [06615404] : 00000000000000000000000000000000000000000000000000000000000007F8400010F14D90000000000
S [066153C6] : (40)
R [0661487B] : U
S [0661409C] : 0B
R [0661409C] : 0
S [0661404E] : (0B)
R [0661400F] : 0
S [06613FE0] : (07)
R [06611C7A] : 00000000000000000000000000000000000000000000000000000000000007F8400010F14D90000000000
S [06611C4B] : (40)
R [06611C0C] : 0
S [06611BDD] : (07)
R [06611BDD] : 0
S [06611B8F] : (08)
R [06611B8F] : 01
S [06611B80] : (34)
R [06611B80] : 010F14D9
S [06611B60] : (35)
R [06611B60] : 018066FFFFC000E000FFFF08001FF08001F11
S [06611B60] : (00)
